{ Check fixpoint and update table --> (22 times, 0.001264 sec. (0.998694%))
,
Check-safe-insert: reachable free-vertices --> (3 times, 0.000170 sec. (0.134353%))
,
Check-safe-insert: reachable use-vertices --> (3 times, 0.000087 sec. (0.068778%))
,
Check-safe-insert: relavant vertices --> (3 times, 0.000050 sec. (0.039194%))
,
CheckCorrect --> (1 times, 0.000290 sec. (0.229134%))
,
Computing post and dump --> (22 times, 0.073907 sec. (58.411737%))
,
Computing pre state --> (22 times, 0.000078 sec. (0.061806%))
,
Constructing Labeling Function --> (1 times, 0.000261 sec. (0.206334%))
,
Constructing Labeling Function: prepare --> (1 times, 0.000146 sec. (0.115509%))
,
Constructing Labeling Function: remove --> (1 times, 0.000006 sec. (0.004711%))
,
Constructing Labeling Function: unreach --> (1 times, 0.000020 sec. (0.015828%))
,
Constructing OFG --> (1 times, 0.003173 sec. (2.507665%))
,
Constructing invariants --> (1 times, 0.024489 sec. (19.354693%))
,
Convert: find exp, pi --> (1 times, 0.000449 sec. (0.354819%))
,
Generate alias_vars --> (59 times, 0.000255 sec. (0.201246%))
,
Generate null_vars --> (59 times, 0.004134 sec. (3.267426%))
,
Merge 1 --> (26 times, 0.000044 sec. (0.035049%))
,
Merge 2 --> (26 times, 0.000124 sec. (0.098174%))
,
PruneUnsafe --> (1 times, 0.000171 sec. (0.135106%))
,
Run call --> (6 times, 0.008596 sec. (6.793758%))
,
Run instr --> (72 times, 0.073762 sec. (58.297735%))
,
doms --> (1 times, 0.007256 sec. (5.734766%))
,
doms_rev --> (1 times, 0.001206 sec. (0.953282%))
,
exec_instr - Load --> (14 times, 0.024994 sec. (19.753605%))
,
exec_instr - Others --> (38 times, 0.004451 sec. (3.517665%))
,
exec_instr - Prune --> (4 times, 0.000367 sec. (0.289998%))
,
exec_instr - Remove_temps --> (18 times, 0.008109 sec. (6.408790%))
,
exec_instr - Store --> (14 times, 0.012627 sec. (9.979970%))
,
find_unreachable --> (36 times, 0.000712 sec. (0.562849%))
,
rename --> (96 times, 0.041304 sec. (32.644109%))
,
to_pair --> (59 times, 0.003767 sec. (2.977239%))
,
update_dump_in_call --> (6 times, 0.000182 sec. (0.143963%))
,
update_post_in_call --> (6 times, 0.006092 sec. (4.815025%))
 }
