{ Check fixpoint and update table --> (14 times, 0.005098 sec. (10.574469%))
,
Check-safe-insert: reachable free-vertices --> (1 times, 0.000001 sec. (0.001978%))
,
Check-safe-insert: reachable use-vertices --> (1 times, 0.000028 sec. (0.058357%))
,
Check-safe-insert: relavant vertices --> (1 times, 0.000008 sec. (0.016320%))
,
CheckCorrect --> (1 times, 0.000081 sec. (0.168147%))
,
Computing post and dump --> (14 times, 0.025974 sec. (53.878262%))
,
Computing pre state --> (14 times, 0.000029 sec. (0.059346%))
,
Constructing Labeling Function --> (1 times, 0.002033 sec. (4.217028%))
,
Constructing Labeling Function: prepare --> (1 times, 0.001994 sec. (4.136417%))
,
Constructing Labeling Function: remove --> (1 times, 0.000004 sec. (0.008407%))
,
Constructing Labeling Function: unreach --> (1 times, 0.000011 sec. (0.022749%))
,
Constructing OFG --> (1 times, 0.001060 sec. (2.198770%))
,
Constructing invariants --> (1 times, 0.004103 sec. (8.510712%))
,
Generate alias_vars --> (29 times, 0.002599 sec. (5.391585%))
,
Generate null_vars --> (29 times, 0.000046 sec. (0.094954%))
,
MOVEUSE: checking no-def --> (2 times, 0.000115 sec. (0.238868%))
,
MOVEUSE: checking post-dom by path --> (2 times, 0.000013 sec. (0.026706%))
,
MOVEUSE: checking use-after-free --> (1 times, 0.000031 sec. (0.064292%))
,
Merge 1 --> (16 times, 0.000021 sec. (0.044015%))
,
Merge 2 --> (16 times, 0.000037 sec. (0.077150%))
,
PruneUnsafe --> (1 times, 0.000001 sec. (0.001978%))
,
Run call --> (4 times, 0.003214 sec. (6.666535%))
,
Run instr --> (40 times, 0.025902 sec. (53.728413%))
,
doms --> (1 times, 0.000339 sec. (0.703250%))
,
doms_rev --> (1 times, 0.000351 sec. (0.728472%))
,
exec_instr - Load --> (8 times, 0.008810 sec. (18.275108%))
,
exec_instr - Others --> (12 times, 0.000405 sec. (0.839746%))
,
exec_instr - Remove_temps --> (8 times, 0.000838 sec. (1.738343%))
,
exec_instr - Store --> (8 times, 0.004134 sec. (8.575003%))
,
find_unreachable --> (16 times, 0.003180 sec. (6.595814%))
,
rename --> (40 times, 0.005852 sec. (12.137742%))
,
to_pair --> (29 times, 0.000380 sec. (0.787818%))
,
update_dump_in_call --> (4 times, 0.000095 sec. (0.197325%))
,
update_post_in_call --> (4 times, 0.000609 sec. (1.263575%))
 }
