{ Check fixpoint and update table --> (43 times, 0.008071 sec. (9.237032%))
,
Check-safe-insert: reachable free-vertices --> (1 times, 0.000001 sec. (0.001364%))
,
Check-safe-insert: reachable use-vertices --> (1 times, 0.000058 sec. (0.066302%))
,
Check-safe-insert: relavant vertices --> (1 times, 0.000011 sec. (0.012551%))
,
CheckCorrect --> (9 times, 0.005385 sec. (6.163115%))
,
Computing post and dump --> (43 times, 0.025714 sec. (29.427317%))
,
Computing pre state --> (43 times, 0.000100 sec. (0.114869%))
,
Constructing Labeling Function --> (1 times, 0.000158 sec. (0.180899%))
,
Constructing Labeling Function: prepare --> (1 times, 0.000126 sec. (0.144064%))
,
Constructing Labeling Function: remove --> (1 times, 0.000002 sec. (0.002183%))
,
Constructing Labeling Function: unreach --> (1 times, 0.000007 sec. (0.007913%))
,
Constructing OFG --> (1 times, 0.002399 sec. (2.745407%))
,
Constructing invariants --> (1 times, 0.007894 sec. (9.034032%))
,
Generate alias_vars --> (83 times, 0.000058 sec. (0.066029%))
,
Generate null_vars --> (83 times, 0.000033 sec. (0.037926%))
,
MOVEUSE: checking no-def --> (10 times, 0.000074 sec. (0.084310%))
,
MOVEUSE: checking post-dom by path --> (10 times, 0.000103 sec. (0.117871%))
,
MOVEUSE: checking use-after-free --> (8 times, 0.000439 sec. (0.502042%))
,
Merge 1 --> (46 times, 0.000092 sec. (0.105593%))
,
Merge 2 --> (46 times, 0.000057 sec. (0.065484%))
,
PruneUnsafe --> (9 times, 0.002733 sec. (3.127396%))
,
Run call --> (5 times, 0.000728 sec. (0.833008%))
,
Run instr --> (105 times, 0.025598 sec. (29.294985%))
,
doms --> (1 times, 0.000721 sec. (0.825368%))
,
doms_rev --> (1 times, 0.004202 sec. (4.808692%))
,
exec_instr - Load --> (23 times, 0.008766 sec. (10.032114%))
,
exec_instr - Others --> (38 times, 0.001737 sec. (1.988251%))
,
exec_instr - Prune --> (12 times, 0.004008 sec. (4.586593%))
,
exec_instr - Remove_temps --> (28 times, 0.002706 sec. (3.096564%))
,
exec_instr - Store --> (14 times, 0.004944 sec. (5.658071%))
,
find_unreachable --> (54 times, 0.000724 sec. (0.828370%))
,
rename --> (120 times, 0.014277 sec. (16.339293%))
,
to_pair --> (83 times, 0.000498 sec. (0.569436%))
,
update_dump_in_call --> (5 times, 0.000050 sec. (0.057025%))
,
update_post_in_call --> (5 times, 0.000332 sec. (0.379533%))
 }
